@ 2015-05-03 09:34:37: Read BED file (reference gene model) ...
@ 2015-05-03 09:35:03: Total 204940 transcripts loaded
@ 2015-05-03 09:35:03: Get BAM file(s) ...
@ 2015-05-03 09:35:03: Processing A12.gsnap.sorted.dupmarked.bam ...
@ 2015-05-03 09:37:23: Read BED file (reference gene model) ...
@ 2015-05-03 09:37:48: Total 204940 transcripts loaded
@ 2015-05-03 09:37:48: Get BAM file(s) ...
@ 2015-05-03 09:37:48: Processing A12.gsnap.sorted.dupmarked.bam ...
@ 2015-05-03 10:07:28: Read BED file (reference gene model) ...
@ 2015-05-03 10:07:53: Total 204940 transcripts loaded
@ 2015-05-03 10:07:53: Get BAM file(s) ...
@ 2015-05-03 10:07:53: Running R script ...
@ 2015-05-03 10:14:54: Read BED file (reference gene model) ...
@ 2015-05-03 10:15:19: Total 204940 transcripts loaded
@ 2015-05-03 10:15:19: Get BAM file(s) ...
@ 2015-05-03 10:15:19: Processing A10.gsnap.sorted.dupmarked.bam ...
@ 2015-05-03 10:36:10: Read BED file (reference gene model) ...
@ 2015-05-03 10:36:11: Total 4040 transcripts loaded
@ 2015-05-03 10:36:11: Get BAM file(s) ...
@ 2015-05-03 10:36:11: Processing A10.gsnap.sorted.dupmarked.bam ...
@ 2015-05-03 10:39:34: Processing A11.gsnap.sorted.dupmarked.bam ...
@ 2015-05-03 10:43:35: Processing A12.gsnap.sorted.dupmarked.bam ...
@ 2015-05-03 10:47:04: Processing A13.gsnap.sorted.dupmarked.bam ...
@ 2015-05-03 10:50:56: Processing A1.gsnap.sorted.dupmarked.bam ...
@ 2015-05-03 10:54:49: Processing A2.gsnap.sorted.dupmarked.bam ...
@ 2015-05-03 10:58:36: Processing A3.gsnap.sorted.dupmarked.bam ...
@ 2015-05-03 11:02:14: Processing A4.gsnap.sorted.dupmarked.bam ...
@ 2015-05-03 11:05:53: Processing A5.gsnap.sorted.dupmarked.bam ...
@ 2015-05-03 11:09:54: Processing A7.gsnap.sorted.dupmarked.bam ...
@ 2015-05-03 11:13:58: Processing A8.gsnap.sorted.dupmarked.bam ...
@ 2015-05-03 11:18:15: Processing A9.gsnap.sorted.dupmarked.bam ...
@ 2015-05-03 11:22:19: Processing C10.gsnap.sorted.dupmarked.bam ...
@ 2015-05-03 11:26:19: Processing C11.gsnap.sorted.dupmarked.bam ...
@ 2015-05-03 11:29:00: Processing C12.gsnap.sorted.dupmarked.bam ...
@ 2015-05-03 11:32:03: Processing C1.gsnap.sorted.dupmarked.bam ...
@ 2015-05-03 11:35:57: Processing C2.gsnap.sorted.dupmarked.bam ...
@ 2015-05-03 11:44:25: Read BED file (reference gene model) ...
@ 2015-05-03 11:44:26: Total 4040 transcripts loaded
@ 2015-05-03 11:44:26: Get BAM file(s) ...
@ 2015-05-03 11:44:26: Processing A12.gsnap.sorted.dupmarked.bam ...
@ 2015-05-03 11:45:31: Read BED file (reference gene model) ...
@ 2015-05-03 11:45:31: Read BED file (reference gene model) ...
@ 2015-05-03 11:45:32: Read BED file (reference gene model) ...
@ 2015-05-03 11:45:32: Total 4040 transcripts loaded
@ 2015-05-03 11:45:32: Get BAM file(s) ...
@ 2015-05-03 11:45:32: Processing A12.gsnap.sorted.dupmarked.bam ...
@ 2015-05-03 11:45:32: Total 4040 transcripts loaded
@ 2015-05-03 11:45:32: Get BAM file(s) ...
@ 2015-05-03 11:45:32: Processing A13.gsnap.sorted.dupmarked.bam ...
@ 2015-05-03 11:45:33: Total 4040 transcripts loaded
@ 2015-05-03 11:45:33: Get BAM file(s) ...
@ 2015-05-03 11:45:33: Processing S3.gsnap.sorted.dupmarked.bam ...
@ 2015-05-03 11:45:34: Read BED file (reference gene model) ...
@ 2015-05-03 11:45:35: Total 4040 transcripts loaded
@ 2015-05-03 11:45:35: Get BAM file(s) ...
@ 2015-05-03 11:45:35: Processing A11.gsnap.sorted.dupmarked.bam ...
@ 2015-05-03 11:45:35: Read BED file (reference gene model) ...
@ 2015-05-03 11:45:36: Read BED file (reference gene model) ...
@ 2015-05-03 11:45:36: Total 4040 transcripts loaded
@ 2015-05-03 11:45:36: Get BAM file(s) ...
@ 2015-05-03 11:45:36: Processing A3.gsnap.sorted.dupmarked.bam ...
@ 2015-05-03 11:45:37: Read BED file (reference gene model) ...
@ 2015-05-03 11:45:37: Total 4040 transcripts loaded
@ 2015-05-03 11:45:37: Get BAM file(s) ...
@ 2015-05-03 11:45:37: Processing A2.gsnap.sorted.dupmarked.bam ...
@ 2015-05-03 11:45:38: Total 4040 transcripts loaded
@ 2015-05-03 11:45:38: Get BAM file(s) ...
@ 2015-05-03 11:45:38: Processing C3.gsnap.sorted.dupmarked.bam ...
@ 2015-05-03 11:45:38: Read BED file (reference gene model) ...
@ 2015-05-03 11:45:39: Read BED file (reference gene model) ...
@ 2015-05-03 11:45:39: Read BED file (reference gene model) ...
@ 2015-05-03 11:45:39: Total 4040 transcripts loaded
@ 2015-05-03 11:45:39: Get BAM file(s) ...
@ 2015-05-03 11:45:39: Processing D2.gsnap.sorted.dupmarked.bam ...
@ 2015-05-03 11:45:40: Total 4040 transcripts loaded
@ 2015-05-03 11:45:40: Get BAM file(s) ...
@ 2015-05-03 11:45:40: Processing A7.gsnap.sorted.dupmarked.bam ...
@ 2015-05-03 11:45:40: Total 4040 transcripts loaded
@ 2015-05-03 11:45:40: Get BAM file(s) ...
@ 2015-05-03 11:45:40: Processing D3.gsnap.sorted.dupmarked.bam ...
@ 2015-05-03 11:45:40: Read BED file (reference gene model) ...
@ 2015-05-03 11:45:40: Read BED file (reference gene model) ...
@ 2015-05-03 11:45:40: Read BED file (reference gene model) ...
@ 2015-05-03 11:45:40: Read BED file (reference gene model) ...
@ 2015-05-03 11:45:41: Read BED file (reference gene model) ...
@ 2015-05-03 11:45:41: Total 4040 transcripts loaded
@ 2015-05-03 11:45:41: Total 4040 transcripts loaded
@ 2015-05-03 11:45:41: Get BAM file(s) ...
@ 2015-05-03 11:45:41: Get BAM file(s) ...
@ 2015-05-03 11:45:41: Processing C10.gsnap.sorted.dupmarked.bam ...
@ 2015-05-03 11:45:41: Total 4040 transcripts loaded
@ 2015-05-03 11:45:41: Processing A9.gsnap.sorted.dupmarked.bam ...
@ 2015-05-03 11:45:41: Get BAM file(s) ...
@ 2015-05-03 11:45:41: Processing A8.gsnap.sorted.dupmarked.bam ...
@ 2015-05-03 11:45:41: Total 4040 transcripts loaded
@ 2015-05-03 11:45:41: Get BAM file(s) ...
@ 2015-05-03 11:45:41: Processing A1.gsnap.sorted.dupmarked.bam ...
@ 2015-05-03 11:45:41: Read BED file (reference gene model) ...
@ 2015-05-03 11:45:42: Total 4040 transcripts loaded
@ 2015-05-03 11:45:42: Get BAM file(s) ...
@ 2015-05-03 11:45:42: Processing D7.gsnap.sorted.dupmarked.bam ...
@ 2015-05-03 11:45:42: Read BED file (reference gene model) ...
@ 2015-05-03 11:45:42: Total 4040 transcripts loaded
@ 2015-05-03 11:45:42: Get BAM file(s) ...
@ 2015-05-03 11:45:43: Processing C5.gsnap.sorted.dupmarked.bam ...
@ 2015-05-03 11:45:43: Total 4040 transcripts loaded
@ 2015-05-03 11:45:43: Get BAM file(s) ...
@ 2015-05-03 11:45:43: Processing A4.gsnap.sorted.dupmarked.bam ...
@ 2015-05-03 11:45:44: Read BED file (reference gene model) ...
@ 2015-05-03 11:45:45: Read BED file (reference gene model) ...
@ 2015-05-03 11:45:45: Read BED file (reference gene model) ...
@ 2015-05-03 11:45:45: Read BED file (reference gene model) ...
@ 2015-05-03 11:45:45: Total 4040 transcripts loaded
@ 2015-05-03 11:45:45: Get BAM file(s) ...
@ 2015-05-03 11:45:45: Processing C8.gsnap.sorted.dupmarked.bam ...
@ 2015-05-03 11:45:46: Total 4040 transcripts loaded
@ 2015-05-03 11:45:46: Total 4040 transcripts loaded
@ 2015-05-03 11:45:46: Get BAM file(s) ...
@ 2015-05-03 11:45:46: Get BAM file(s) ...
@ 2015-05-03 11:45:46: Processing S1.gsnap.sorted.dupmarked.bam ...
@ 2015-05-03 11:45:46: Processing C7.gsnap.sorted.dupmarked.bam ...
@ 2015-05-03 11:45:46: Total 4040 transcripts loaded
@ 2015-05-03 11:45:47: Get BAM file(s) ...
@ 2015-05-03 11:45:47: Processing C9.gsnap.sorted.dupmarked.bam ...
@ 2015-05-03 11:45:47: Read BED file (reference gene model) ...
@ 2015-05-03 11:45:48: Read BED file (reference gene model) ...
@ 2015-05-03 11:45:48: Read BED file (reference gene model) ...
@ 2015-05-03 11:45:48: Total 4040 transcripts loaded
@ 2015-05-03 11:45:48: Read BED file (reference gene model) ...
@ 2015-05-03 11:45:48: Get BAM file(s) ...
@ 2015-05-03 11:45:49: Processing D5.gsnap.sorted.dupmarked.bam ...
@ 2015-05-03 11:45:49: Total 4040 transcripts loaded
@ 2015-05-03 11:45:49: Get BAM file(s) ...
@ 2015-05-03 11:45:49: Processing A10.gsnap.sorted.dupmarked.bam ...
@ 2015-05-03 11:45:49: Total 4040 transcripts loaded
@ 2015-05-03 11:45:50: Total 4040 transcripts loaded
@ 2015-05-03 11:45:50: Get BAM file(s) ...
@ 2015-05-03 11:45:50: Get BAM file(s) ...
@ 2015-05-03 11:45:50: Processing D6.gsnap.sorted.dupmarked.bam ...
@ 2015-05-03 11:45:50: Processing A5.gsnap.sorted.dupmarked.bam ...
@ 2015-05-03 11:45:50: Read BED file (reference gene model) ...
@ 2015-05-03 11:45:50: Read BED file (reference gene model) ...
@ 2015-05-03 11:45:50: Read BED file (reference gene model) ...
@ 2015-05-03 11:45:50: Read BED file (reference gene model) ...
@ 2015-05-03 11:45:51: Read BED file (reference gene model) ...
@ 2015-05-03 11:45:51: Total 4040 transcripts loaded
@ 2015-05-03 11:45:52: Total 4040 transcripts loaded
@ 2015-05-03 11:45:52: Get BAM file(s) ...
@ 2015-05-03 11:45:52: Total 4040 transcripts loaded
@ 2015-05-03 11:45:52: Get BAM file(s) ...
@ 2015-05-03 11:45:52: Total 4040 transcripts loaded
@ 2015-05-03 11:45:52: Total 4040 transcripts loaded
@ 2015-05-03 11:45:52: Processing C11.gsnap.sorted.dupmarked.bam ...
@ 2015-05-03 11:45:52: Get BAM file(s) ...
@ 2015-05-03 11:45:52: Get BAM file(s) ...
@ 2015-05-03 11:45:52: Processing S2.gsnap.sorted.dupmarked.bam ...
@ 2015-05-03 11:45:52: Get BAM file(s) ...
@ 2015-05-03 11:45:52: Processing C6.gsnap.sorted.dupmarked.bam ...
@ 2015-05-03 11:45:52: Processing D8.gsnap.sorted.dupmarked.bam ...
@ 2015-05-03 11:45:52: Processing C2.gsnap.sorted.dupmarked.bam ...
@ 2015-05-03 11:45:52: Read BED file (reference gene model) ...
@ 2015-05-03 11:45:52: Read BED file (reference gene model) ...
@ 2015-05-03 11:45:52: Read BED file (reference gene model) ...
@ 2015-05-03 11:45:52: Read BED file (reference gene model) ...
@ 2015-05-03 11:45:52: Read BED file (reference gene model) ...
@ 2015-05-03 11:45:53: Total 4040 transcripts loaded
@ 2015-05-03 11:45:54: Total 4040 transcripts loaded
@ 2015-05-03 11:45:54: Get BAM file(s) ...
@ 2015-05-03 11:45:54: Get BAM file(s) ...
@ 2015-05-03 11:45:54: Processing C4.gsnap.sorted.dupmarked.bam ...
@ 2015-05-03 11:45:54: Processing D4.gsnap.sorted.dupmarked.bam ...
@ 2015-05-03 11:45:54: Total 4040 transcripts loaded
@ 2015-05-03 11:45:54: Total 4040 transcripts loaded
@ 2015-05-03 11:45:54: Get BAM file(s) ...
@ 2015-05-03 11:45:54: Total 4040 transcripts loaded
@ 2015-05-03 11:45:54: Get BAM file(s) ...
@ 2015-05-03 11:45:54: Get BAM file(s) ...
@ 2015-05-03 11:45:54: Processing C12.gsnap.sorted.dupmarked.bam ...
@ 2015-05-03 11:45:55: Processing C1.gsnap.sorted.dupmarked.bam ...
@ 2015-05-03 11:45:55: Processing D1.gsnap.sorted.dupmarked.bam ...
@ 2015-05-03 11:55:08: Running R script ...
@ 2015-05-03 11:55:20: Running R script ...
@ 2015-05-03 11:55:21: Running R script ...
@ 2015-05-03 11:55:28: Running R script ...
@ 2015-05-03 11:55:29: Running R script ...
@ 2015-05-03 11:55:29: Running R script ...
@ 2015-05-03 11:55:30: Running R script ...
@ 2015-05-03 11:55:31: Running R script ...
@ 2015-05-03 11:55:34: Running R script ...
@ 2015-05-03 11:55:35: Running R script ...
@ 2015-05-03 11:55:35: Running R script ...
@ 2015-05-03 11:55:35: Running R script ...
@ 2015-05-03 11:55:36: Running R script ...
@ 2015-05-03 11:55:39: Running R script ...
@ 2015-05-03 11:55:39: Running R script ...
@ 2015-05-03 11:55:41: Running R script ...
@ 2015-05-03 11:55:44: Running R script ...
@ 2015-05-03 11:55:45: Running R script ...
@ 2015-05-03 11:55:47: Running R script ...
@ 2015-05-03 11:55:47: Running R script ...
@ 2015-05-03 11:55:48: Running R script ...
@ 2015-05-03 11:55:49: Running R script ...
@ 2015-05-03 11:55:51: Running R script ...
@ 2015-05-03 11:55:52: Running R script ...
@ 2015-05-03 11:55:52: Running R script ...
@ 2015-05-03 11:56:01: Running R script ...
@ 2015-05-03 11:56:02: Running R script ...
@ 2015-05-03 11:56:05: Running R script ...
@ 2015-05-03 11:56:06: Running R script ...
@ 2015-05-03 11:56:07: Running R script ...
@ 2015-05-03 11:56:16: Running R script ...
@ 2015-05-03 11:56:18: Running R script ...
@ 2015-05-03 11:56:22: Running R script ...
@ 2015-05-03 11:56:25: Running R script ...
@ 2015-05-03 11:56:40: Running R script ...
@ 2015-05-03 11:59:53: Read BED file (reference gene model) ...
@ 2015-05-03 11:59:54: Total 4040 transcripts loaded
@ 2015-05-03 11:59:54: Get BAM file(s) ...
@ 2015-05-03 11:59:54: Processing A12.gsnap.sorted.dupmarked.bam ...
@ 2015-05-03 11:59:55: Read BED file (reference gene model) ...
@ 2015-05-03 11:59:55: Read BED file (reference gene model) ...
@ 2015-05-03 11:59:56: Total 4040 transcripts loaded
@ 2015-05-03 11:59:56: Get BAM file(s) ...
@ 2015-05-03 11:59:56: Processing A10.gsnap.sorted.dupmarked.bam ...
@ 2015-05-03 11:59:56: Read BED file (reference gene model) ...
@ 2015-05-03 11:59:56: Read BED file (reference gene model) ...
@ 2015-05-03 11:59:57: Total 4040 transcripts loaded
@ 2015-05-03 11:59:57: Get BAM file(s) ...
@ 2015-05-03 11:59:57: Processing A13.gsnap.sorted.dupmarked.bam ...
@ 2015-05-03 11:59:57: Read BED file (reference gene model) ...
@ 2015-05-03 11:59:57: Total 4040 transcripts loaded
@ 2015-05-03 11:59:57: Get BAM file(s) ...
@ 2015-05-03 11:59:57: Processing S3.gsnap.sorted.dupmarked.bam ...
@ 2015-05-03 11:59:57: Total 4040 transcripts loaded
@ 2015-05-03 11:59:57: Get BAM file(s) ...
@ 2015-05-03 11:59:57: Processing A11.gsnap.sorted.dupmarked.bam ...
@ 2015-05-03 11:59:58: Read BED file (reference gene model) ...
@ 2015-05-03 11:59:58: Total 4040 transcripts loaded
@ 2015-05-03 11:59:58: Get BAM file(s) ...
@ 2015-05-03 11:59:58: Processing A9.gsnap.sorted.dupmarked.bam ...
@ 2015-05-03 11:59:59: Read BED file (reference gene model) ...
@ 2015-05-03 11:59:59: Read BED file (reference gene model) ...
@ 2015-05-03 11:59:59: Total 4040 transcripts loaded
@ 2015-05-03 11:59:59: Get BAM file(s) ...
@ 2015-05-03 11:59:59: Processing S2.gsnap.sorted.dupmarked.bam ...
@ 2015-05-03 11:59:59: Read BED file (reference gene model) ...
@ 2015-05-03 11:59:59: Read BED file (reference gene model) ...
@ 2015-05-03 11:59:59: Total 4040 transcripts loaded
@ 2015-05-03 11:59:59: Get BAM file(s) ...
@ 2015-05-03 11:59:59: Processing A1.gsnap.sorted.dupmarked.bam ...
@ 2015-05-03 12:00:00: Total 4040 transcripts loaded
@ 2015-05-03 12:00:00: Get BAM file(s) ...
@ 2015-05-03 12:00:00: Processing C2.gsnap.sorted.dupmarked.bam ...
@ 2015-05-03 12:00:00: Total 4040 transcripts loaded
@ 2015-05-03 12:00:00: Get BAM file(s) ...
@ 2015-05-03 12:00:00: Processing C7.gsnap.sorted.dupmarked.bam ...
@ 2015-05-03 12:00:00: Total 4040 transcripts loaded
@ 2015-05-03 12:00:00: Get BAM file(s) ...
@ 2015-05-03 12:00:00: Processing D3.gsnap.sorted.dupmarked.bam ...
@ 2015-05-03 12:00:00: Read BED file (reference gene model) ...
@ 2015-05-03 12:00:00: Read BED file (reference gene model) ...
@ 2015-05-03 12:00:01: Read BED file (reference gene model) ...
@ 2015-05-03 12:00:01: Read BED file (reference gene model) ...
@ 2015-05-03 12:00:01: Read BED file (reference gene model) ...
@ 2015-05-03 12:00:02: Total 4040 transcripts loaded
@ 2015-05-03 12:00:02: Get BAM file(s) ...
@ 2015-05-03 12:00:02: Processing A2.gsnap.sorted.dupmarked.bam ...
@ 2015-05-03 12:00:02: Total 4040 transcripts loaded
@ 2015-05-03 12:00:02: Get BAM file(s) ...
@ 2015-05-03 12:00:02: Processing C9.gsnap.sorted.dupmarked.bam ...
@ 2015-05-03 12:00:02: Total 4040 transcripts loaded
@ 2015-05-03 12:00:02: Get BAM file(s) ...
@ 2015-05-03 12:00:02: Processing A3.gsnap.sorted.dupmarked.bam ...
@ 2015-05-03 12:00:02: Total 4040 transcripts loaded
@ 2015-05-03 12:00:02: Get BAM file(s) ...
@ 2015-05-03 12:00:02: Processing A7.gsnap.sorted.dupmarked.bam ...
@ 2015-05-03 12:00:02: Total 4040 transcripts loaded
@ 2015-05-03 12:00:02: Get BAM file(s) ...
@ 2015-05-03 12:00:02: Processing A4.gsnap.sorted.dupmarked.bam ...
@ 2015-05-03 12:00:04: Read BED file (reference gene model) ...
@ 2015-05-03 12:00:04: Read BED file (reference gene model) ...
@ 2015-05-03 12:00:05: Total 4040 transcripts loaded
@ 2015-05-03 12:00:05: Get BAM file(s) ...
@ 2015-05-03 12:00:05: Processing C3.gsnap.sorted.dupmarked.bam ...
@ 2015-05-03 12:00:05: Read BED file (reference gene model) ...
@ 2015-05-03 12:00:05: Total 4040 transcripts loaded
@ 2015-05-03 12:00:05: Get BAM file(s) ...
@ 2015-05-03 12:00:05: Processing A5.gsnap.sorted.dupmarked.bam ...
@ 2015-05-03 12:00:05: Read BED file (reference gene model) ...
@ 2015-05-03 12:00:06: Read BED file (reference gene model) ...
@ 2015-05-03 12:00:06: Total 4040 transcripts loaded
@ 2015-05-03 12:00:06: Get BAM file(s) ...
@ 2015-05-03 12:00:06: Processing C4.gsnap.sorted.dupmarked.bam ...
@ 2015-05-03 12:00:06: Total 4040 transcripts loaded
@ 2015-05-03 12:00:06: Get BAM file(s) ...
@ 2015-05-03 12:00:06: Processing C8.gsnap.sorted.dupmarked.bam ...
@ 2015-05-03 12:00:06: Read BED file (reference gene model) ...
@ 2015-05-03 12:00:07: Total 4040 transcripts loaded
@ 2015-05-03 12:00:07: Get BAM file(s) ...
@ 2015-05-03 12:00:07: Processing A8.gsnap.sorted.dupmarked.bam ...
@ 2015-05-03 12:00:07: Read BED file (reference gene model) ...
@ 2015-05-03 12:00:07: Total 4040 transcripts loaded
@ 2015-05-03 12:00:07: Get BAM file(s) ...
@ 2015-05-03 12:00:07: Processing D7.gsnap.sorted.dupmarked.bam ...
@ 2015-05-03 12:00:08: Read BED file (reference gene model) ...
@ 2015-05-03 12:00:08: Total 4040 transcripts loaded
@ 2015-05-03 12:00:08: Get BAM file(s) ...
@ 2015-05-03 12:00:08: Processing D2.gsnap.sorted.dupmarked.bam ...
@ 2015-05-03 12:00:08: Read BED file (reference gene model) ...
@ 2015-05-03 12:00:08: Read BED file (reference gene model) ...
@ 2015-05-03 12:00:08: Read BED file (reference gene model) ...
@ 2015-05-03 12:00:09: Total 4040 transcripts loaded
@ 2015-05-03 12:00:09: Get BAM file(s) ...
@ 2015-05-03 12:00:09: Processing C10.gsnap.sorted.dupmarked.bam ...
@ 2015-05-03 12:00:09: Total 4040 transcripts loaded
@ 2015-05-03 12:00:09: Get BAM file(s) ...
@ 2015-05-03 12:00:09: Processing D6.gsnap.sorted.dupmarked.bam ...
@ 2015-05-03 12:00:09: Total 4040 transcripts loaded
@ 2015-05-03 12:00:09: Get BAM file(s) ...
@ 2015-05-03 12:00:09: Processing C12.gsnap.sorted.dupmarked.bam ...
@ 2015-05-03 12:00:09: Total 4040 transcripts loaded
@ 2015-05-03 12:00:09: Get BAM file(s) ...
@ 2015-05-03 12:00:09: Processing C6.gsnap.sorted.dupmarked.bam ...
@ 2015-05-03 12:00:10: Read BED file (reference gene model) ...
@ 2015-05-03 12:00:10: Read BED file (reference gene model) ...
@ 2015-05-03 12:00:11: Read BED file (reference gene model) ...
@ 2015-05-03 12:00:11: Total 4040 transcripts loaded
@ 2015-05-03 12:00:11: Get BAM file(s) ...
@ 2015-05-03 12:00:11: Processing D1.gsnap.sorted.dupmarked.bam ...
@ 2015-05-03 12:00:11: Read BED file (reference gene model) ...
@ 2015-05-03 12:00:11: Total 4040 transcripts loaded
@ 2015-05-03 12:00:11: Get BAM file(s) ...
@ 2015-05-03 12:00:11: Processing D5.gsnap.sorted.dupmarked.bam ...
@ 2015-05-03 12:00:11: Read BED file (reference gene model) ...
@ 2015-05-03 12:00:11: Read BED file (reference gene model) ...
@ 2015-05-03 12:00:11: Total 4040 transcripts loaded
@ 2015-05-03 12:00:11: Get BAM file(s) ...
@ 2015-05-03 12:00:11: Processing S1.gsnap.sorted.dupmarked.bam ...
@ 2015-05-03 12:00:12: Read BED file (reference gene model) ...
@ 2015-05-03 12:00:12: Read BED file (reference gene model) ...
@ 2015-05-03 12:00:12: Total 4040 transcripts loaded
@ 2015-05-03 12:00:12: Get BAM file(s) ...
@ 2015-05-03 12:00:12: Processing D4.gsnap.sorted.dupmarked.bam ...
@ 2015-05-03 12:00:12: Total 4040 transcripts loaded
@ 2015-05-03 12:00:12: Get BAM file(s) ...
@ 2015-05-03 12:00:12: Processing D8.gsnap.sorted.dupmarked.bam ...
@ 2015-05-03 12:00:12: Total 4040 transcripts loaded
@ 2015-05-03 12:00:12: Get BAM file(s) ...
@ 2015-05-03 12:00:12: Processing C1.gsnap.sorted.dupmarked.bam ...
@ 2015-05-03 12:00:12: Total 4040 transcripts loaded
@ 2015-05-03 12:00:12: Get BAM file(s) ...
@ 2015-05-03 12:00:12: Processing C11.gsnap.sorted.dupmarked.bam ...
@ 2015-05-03 12:00:13: Total 4040 transcripts loaded
@ 2015-05-03 12:00:13: Get BAM file(s) ...
@ 2015-05-03 12:00:13: Processing C5.gsnap.sorted.dupmarked.bam ...
@ 2015-05-03 12:02:33: Running R script ...
@ 2015-05-03 12:02:35: Running R script ...
@ 2015-05-03 12:02:43: Running R script ...
@ 2015-05-03 12:02:56: Running R script ...
@ 2015-05-03 12:03:02: Running R script ...
@ 2015-05-03 12:03:04: Running R script ...
@ 2015-05-03 12:03:07: Running R script ...
@ 2015-05-03 12:03:10: Running R script ...
@ 2015-05-03 12:03:11: Running R script ...
@ 2015-05-03 12:03:12: Running R script ...
@ 2015-05-03 12:03:12: Running R script ...
@ 2015-05-03 12:03:13: Running R script ...
@ 2015-05-03 12:03:15: Running R script ...
@ 2015-05-03 12:03:15: Running R script ...
@ 2015-05-03 12:03:16: Running R script ...
@ 2015-05-03 12:03:17: Running R script ...
@ 2015-05-03 12:03:18: Running R script ...
@ 2015-05-03 12:03:21: Running R script ...
@ 2015-05-03 12:03:22: Running R script ...
@ 2015-05-03 12:03:22: Running R script ...
@ 2015-05-03 12:03:24: Running R script ...
@ 2015-05-03 12:03:25: Running R script ...
@ 2015-05-03 12:03:26: Running R script ...
@ 2015-05-03 12:03:27: Running R script ...
@ 2015-05-03 12:03:29: Running R script ...
@ 2015-05-03 12:03:34: Running R script ...
@ 2015-05-03 12:03:38: Running R script ...
@ 2015-05-03 12:03:41: Running R script ...
@ 2015-05-03 12:03:42: Running R script ...
@ 2015-05-03 12:03:45: Running R script ...
@ 2015-05-03 12:03:46: Running R script ...
@ 2015-05-03 12:04:02: Running R script ...
@ 2015-05-03 12:04:06: Running R script ...
@ 2015-05-03 12:04:08: Running R script ...
@ 2015-05-03 12:04:12: Running R script ...
@ 2015-05-04 18:55:08: Read BED file (reference gene model) ...
@ 2015-05-04 18:55:09: Total 4040 transcripts loaded
@ 2015-05-04 18:55:09: Get BAM file(s) ...
@ 2015-05-04 18:55:09: Processing A12.gsnap.sorted.dupmarked.bam ...
@ 2015-05-04 18:57:58: Read BED file (reference gene model) ...
@ 2015-05-04 18:57:59: Total 4040 transcripts loaded
@ 2015-05-04 18:57:59: Get BAM file(s) ...
@ 2015-05-04 18:57:59: Processing A12.gsnap.sorted.dupmarked.bam ...
@ 2015-05-04 18:59:54: Read BED file (reference gene model) ...
@ 2015-05-04 18:59:55: Read BED file (reference gene model) ...
@ 2015-05-04 18:59:55: Total 4040 transcripts loaded
@ 2015-05-04 18:59:55: Get BAM file(s) ...
@ 2015-05-04 18:59:55: Processing A13.gsnap.sorted.dupmarked.bam ...
@ 2015-05-04 18:59:55: Read BED file (reference gene model) ...
@ 2015-05-04 18:59:55: Read BED file (reference gene model) ...
@ 2015-05-04 18:59:56: Total 4040 transcripts loaded
@ 2015-05-04 18:59:56: Get BAM file(s) ...
@ 2015-05-04 18:59:56: Processing S2.gsnap.sorted.dupmarked.bam ...
@ 2015-05-04 18:59:56: Total 4040 transcripts loaded
@ 2015-05-04 18:59:56: Get BAM file(s) ...
@ 2015-05-04 18:59:56: Processing S3.gsnap.sorted.dupmarked.bam ...
@ 2015-05-04 18:59:56: Read BED file (reference gene model) ...
@ 2015-05-04 18:59:56: Total 4040 transcripts loaded
@ 2015-05-04 18:59:56: Get BAM file(s) ...
@ 2015-05-04 18:59:56: Processing A10.gsnap.sorted.dupmarked.bam ...
@ 2015-05-04 18:59:57: Read BED file (reference gene model) ...
@ 2015-05-04 18:59:57: Total 4040 transcripts loaded
@ 2015-05-04 18:59:57: Get BAM file(s) ...
@ 2015-05-04 18:59:57: Processing A8.gsnap.sorted.dupmarked.bam ...
@ 2015-05-04 18:59:58: Total 4040 transcripts loaded
@ 2015-05-04 18:59:58: Get BAM file(s) ...
@ 2015-05-04 18:59:58: Processing A11.gsnap.sorted.dupmarked.bam ...
@ 2015-05-04 18:59:59: Read BED file (reference gene model) ...
@ 2015-05-04 18:59:59: Read BED file (reference gene model) ...
@ 2015-05-04 19:00:00: Read BED file (reference gene model) ...
@ 2015-05-04 19:00:00: Total 4040 transcripts loaded
@ 2015-05-04 19:00:00: Get BAM file(s) ...
@ 2015-05-04 19:00:00: Processing A3.gsnap.sorted.dupmarked.bam ...
@ 2015-05-04 19:00:00: Read BED file (reference gene model) ...
@ 2015-05-04 19:00:00: Total 4040 transcripts loaded
@ 2015-05-04 19:00:00: Get BAM file(s) ...
@ 2015-05-04 19:00:00: Processing A2.gsnap.sorted.dupmarked.bam ...
@ 2015-05-04 19:00:01: Total 4040 transcripts loaded
@ 2015-05-04 19:00:01: Get BAM file(s) ...
@ 2015-05-04 19:00:01: Processing A1.gsnap.sorted.dupmarked.bam ...
@ 2015-05-04 19:00:01: Total 4040 transcripts loaded
@ 2015-05-04 19:00:01: Get BAM file(s) ...
@ 2015-05-04 19:00:01: Processing C9.gsnap.sorted.dupmarked.bam ...
@ 2015-05-04 19:00:01: Read BED file (reference gene model) ...
@ 2015-05-04 19:00:03: Total 4040 transcripts loaded
@ 2015-05-04 19:00:03: Get BAM file(s) ...
@ 2015-05-04 19:00:03: Processing A5.gsnap.sorted.dupmarked.bam ...
@ 2015-05-04 19:00:06: Read BED file (reference gene model) ...
@ 2015-05-04 19:00:06: Read BED file (reference gene model) ...
@ 2015-05-04 19:00:06: Read BED file (reference gene model) ...
@ 2015-05-04 19:00:06: Read BED file (reference gene model) ...
@ 2015-05-04 19:00:06: Read BED file (reference gene model) ...
@ 2015-05-04 19:00:06: Read BED file (reference gene model) ...
@ 2015-05-04 19:00:06: Read BED file (reference gene model) ...
@ 2015-05-04 19:00:06: Read BED file (reference gene model) ...
@ 2015-05-04 19:00:06: Read BED file (reference gene model) ...
@ 2015-05-04 19:00:07: Total 4040 transcripts loaded
@ 2015-05-04 19:00:07: Get BAM file(s) ...
@ 2015-05-04 19:00:07: Total 4040 transcripts loaded
@ 2015-05-04 19:00:07: Get BAM file(s) ...
@ 2015-05-04 19:00:07: Processing D4.gsnap.sorted.dupmarked.bam ...
@ 2015-05-04 19:00:07: Processing D5.gsnap.sorted.dupmarked.bam ...
@ 2015-05-04 19:00:07: Total 4040 transcripts loaded
@ 2015-05-04 19:00:07: Total 4040 transcripts loaded
@ 2015-05-04 19:00:07: Total 4040 transcripts loaded
@ 2015-05-04 19:00:07: Total 4040 transcripts loaded
@ 2015-05-04 19:00:07: Get BAM file(s) ...
@ 2015-05-04 19:00:07: Total 4040 transcripts loaded
@ 2015-05-04 19:00:08: Get BAM file(s) ...
@ 2015-05-04 19:00:07: Total 4040 transcripts loaded
@ 2015-05-04 19:00:07: Total 4040 transcripts loaded
@ 2015-05-04 19:00:08: Get BAM file(s) ...
@ 2015-05-04 19:00:08: Get BAM file(s) ...
@ 2015-05-04 19:00:08: Get BAM file(s) ...
@ 2015-05-04 19:00:08: Get BAM file(s) ...
@ 2015-05-04 19:00:08: Get BAM file(s) ...
@ 2015-05-04 19:00:08: Processing C12.gsnap.sorted.dupmarked.bam ...
@ 2015-05-04 19:00:08: Processing C1.gsnap.sorted.dupmarked.bam ...
@ 2015-05-04 19:00:08: Processing C8.gsnap.sorted.dupmarked.bam ...
@ 2015-05-04 19:00:08: Processing A4.gsnap.sorted.dupmarked.bam ...
@ 2015-05-04 19:00:08: Processing D1.gsnap.sorted.dupmarked.bam ...
@ 2015-05-04 19:00:08: Processing A7.gsnap.sorted.dupmarked.bam ...
@ 2015-05-04 19:00:08: Processing D2.gsnap.sorted.dupmarked.bam ...
@ 2015-05-04 19:00:12: Read BED file (reference gene model) ...
@ 2015-05-04 19:00:12: Read BED file (reference gene model) ...
@ 2015-05-04 19:00:12: Read BED file (reference gene model) ...
@ 2015-05-04 19:00:12: Read BED file (reference gene model) ...
@ 2015-05-04 19:00:12: Read BED file (reference gene model) ...
@ 2015-05-04 19:00:13: Total 4040 transcripts loaded
@ 2015-05-04 19:00:13: Total 4040 transcripts loaded
@ 2015-05-04 19:00:13: Total 4040 transcripts loaded
@ 2015-05-04 19:00:13: Total 4040 transcripts loaded
@ 2015-05-04 19:00:13: Total 4040 transcripts loaded
@ 2015-05-04 19:00:13: Get BAM file(s) ...
@ 2015-05-04 19:00:14: Get BAM file(s) ...
@ 2015-05-04 19:00:13: Get BAM file(s) ...
@ 2015-05-04 19:00:14: Get BAM file(s) ...
@ 2015-05-04 19:00:14: Get BAM file(s) ...
@ 2015-05-04 19:00:14: Processing C6.gsnap.sorted.dupmarked.bam ...
@ 2015-05-04 19:00:14: Read BED file (reference gene model) ...
@ 2015-05-04 19:00:14: Processing A9.gsnap.sorted.dupmarked.bam ...
@ 2015-05-04 19:00:14: Processing D6.gsnap.sorted.dupmarked.bam ...
@ 2015-05-04 19:00:14: Processing S1.gsnap.sorted.dupmarked.bam ...
@ 2015-05-04 19:00:14: Read BED file (reference gene model) ...
@ 2015-05-04 19:00:14: Processing C11.gsnap.sorted.dupmarked.bam ...
@ 2015-05-04 19:00:14: Read BED file (reference gene model) ...
@ 2015-05-04 19:00:14: Read BED file (reference gene model) ...
@ 2015-05-04 19:00:14: Read BED file (reference gene model) ...
@ 2015-05-04 19:00:15: Total 4040 transcripts loaded
@ 2015-05-04 19:00:15: Get BAM file(s) ...
@ 2015-05-04 19:00:15: Total 4040 transcripts loaded
@ 2015-05-04 19:00:15: Total 4040 transcripts loaded
@ 2015-05-04 19:00:15: Processing A12.gsnap.sorted.dupmarked.bam ...
@ 2015-05-04 19:00:15: Get BAM file(s) ...
@ 2015-05-04 19:00:16: Total 4040 transcripts loaded
@ 2015-05-04 19:00:16: Get BAM file(s) ...
@ 2015-05-04 19:00:16: Total 4040 transcripts loaded
@ 2015-05-04 19:00:16: Get BAM file(s) ...
@ 2015-05-04 19:00:16: Read BED file (reference gene model) ...
@ 2015-05-04 19:00:16: Get BAM file(s) ...
@ 2015-05-04 19:00:16: Processing D3.gsnap.sorted.dupmarked.bam ...
@ 2015-05-04 19:00:16: Processing C3.gsnap.sorted.dupmarked.bam ...
@ 2015-05-04 19:00:16: Processing C10.gsnap.sorted.dupmarked.bam ...
@ 2015-05-04 19:00:16: Read BED file (reference gene model) ...
@ 2015-05-04 19:00:16: Read BED file (reference gene model) ...
@ 2015-05-04 19:00:16: Read BED file (reference gene model) ...
@ 2015-05-04 19:00:16: Read BED file (reference gene model) ...
@ 2015-05-04 19:00:16: Processing C5.gsnap.sorted.dupmarked.bam ...
@ 2015-05-04 19:00:17: Total 4040 transcripts loaded
@ 2015-05-04 19:00:17: Get BAM file(s) ...
@ 2015-05-04 19:00:17: Total 4040 transcripts loaded
@ 2015-05-04 19:00:17: Get BAM file(s) ...
@ 2015-05-04 19:00:17: Total 4040 transcripts loaded
@ 2015-05-04 19:00:18: Processing C7.gsnap.sorted.dupmarked.bam ...
@ 2015-05-04 19:00:18: Total 4040 transcripts loaded
@ 2015-05-04 19:00:18: Total 4040 transcripts loaded
@ 2015-05-04 19:00:18: Get BAM file(s) ...
@ 2015-05-04 19:00:18: Processing D7.gsnap.sorted.dupmarked.bam ...
@ 2015-05-04 19:00:18: Get BAM file(s) ...
@ 2015-05-04 19:00:18: Get BAM file(s) ...
@ 2015-05-04 19:00:19: Processing D8.gsnap.sorted.dupmarked.bam ...
@ 2015-05-04 19:00:19: Processing C4.gsnap.sorted.dupmarked.bam ...
@ 2015-05-04 19:00:19: Processing C2.gsnap.sorted.dupmarked.bam ...
@ 2015-05-04 19:14:40: Running R script ...
@ 2015-05-04 19:20:22: Read BED file (reference gene model) ...
@ 2015-05-04 19:20:23: Total 4040 transcripts loaded
@ 2015-05-04 19:20:23: Get BAM file(s) ...
@ 2015-05-04 19:20:23: Processing A10.gsnap.sorted.dupmarked.bam ...
@ 2015-05-04 19:20:23: Read BED file (reference gene model) ...
@ 2015-05-04 19:20:24: Total 4040 transcripts loaded
@ 2015-05-04 19:20:24: Get BAM file(s) ...
@ 2015-05-04 19:20:24: Processing A13.gsnap.sorted.dupmarked.bam ...
@ 2015-05-04 19:20:25: Read BED file (reference gene model) ...
@ 2015-05-04 19:20:26: Total 4040 transcripts loaded
@ 2015-05-04 19:20:26: Get BAM file(s) ...
@ 2015-05-04 19:20:26: Processing A8.gsnap.sorted.dupmarked.bam ...
@ 2015-05-04 19:20:26: Read BED file (reference gene model) ...
@ 2015-05-04 19:20:26: Read BED file (reference gene model) ...
@ 2015-05-04 19:20:27: Read BED file (reference gene model) ...
@ 2015-05-04 19:20:27: Total 4040 transcripts loaded
@ 2015-05-04 19:20:27: Get BAM file(s) ...
@ 2015-05-04 19:20:27: Processing S1.gsnap.sorted.dupmarked.bam ...
@ 2015-05-04 19:20:27: Read BED file (reference gene model) ...
@ 2015-05-04 19:20:27: Total 4040 transcripts loaded
@ 2015-05-04 19:20:27: Get BAM file(s) ...
@ 2015-05-04 19:20:27: Processing C1.gsnap.sorted.dupmarked.bam ...
@ 2015-05-04 19:20:28: Total 4040 transcripts loaded
@ 2015-05-04 19:20:28: Get BAM file(s) ...
@ 2015-05-04 19:20:28: Processing A12.gsnap.sorted.dupmarked.bam ...
@ 2015-05-04 19:20:28: Total 4040 transcripts loaded
@ 2015-05-04 19:20:28: Get BAM file(s) ...
@ 2015-05-04 19:20:28: Processing A2.gsnap.sorted.dupmarked.bam ...
@ 2015-05-04 19:20:30: Read BED file (reference gene model) ...
@ 2015-05-04 19:20:30: Read BED file (reference gene model) ...
@ 2015-05-04 19:20:30: Read BED file (reference gene model) ...
@ 2015-05-04 19:20:30: Total 4040 transcripts loaded
@ 2015-05-04 19:20:30: Get BAM file(s) ...
@ 2015-05-04 19:20:31: Processing D3.gsnap.sorted.dupmarked.bam ...
@ 2015-05-04 19:20:31: Total 4040 transcripts loaded
@ 2015-05-04 19:20:31: Get BAM file(s) ...
@ 2015-05-04 19:20:31: Processing C4.gsnap.sorted.dupmarked.bam ...
@ 2015-05-04 19:20:31: Total 4040 transcripts loaded
@ 2015-05-04 19:20:31: Get BAM file(s) ...
@ 2015-05-04 19:20:31: Processing A5.gsnap.sorted.dupmarked.bam ...
@ 2015-05-04 19:20:32: Read BED file (reference gene model) ...
@ 2015-05-04 19:20:33: Total 4040 transcripts loaded
@ 2015-05-04 19:20:33: Get BAM file(s) ...
@ 2015-05-04 19:20:33: Processing A3.gsnap.sorted.dupmarked.bam ...
@ 2015-05-04 19:20:36: Read BED file (reference gene model) ...
@ 2015-05-04 19:20:36: Read BED file (reference gene model) ...
@ 2015-05-04 19:20:36: Read BED file (reference gene model) ...
@ 2015-05-04 19:20:36: Read BED file (reference gene model) ...
@ 2015-05-04 19:20:36: Read BED file (reference gene model) ...
@ 2015-05-04 19:20:36: Read BED file (reference gene model) ...
@ 2015-05-04 19:20:36: Read BED file (reference gene model) ...
@ 2015-05-04 19:20:36: Read BED file (reference gene model) ...
@ 2015-05-04 19:20:36: Read BED file (reference gene model) ...
@ 2015-05-04 19:20:36: Read BED file (reference gene model) ...
@ 2015-05-04 19:20:36: Read BED file (reference gene model) ...
@ 2015-05-04 19:20:37: Total 4040 transcripts loaded
@ 2015-05-04 19:20:37: Read BED file (reference gene model) ...
@ 2015-05-04 19:20:37: Get BAM file(s) ...
@ 2015-05-04 19:20:37: Total 4040 transcripts loaded
@ 2015-05-04 19:20:37: Total 4040 transcripts loaded
@ 2015-05-04 19:20:37: Total 4040 transcripts loaded
@ 2015-05-04 19:20:37: Get BAM file(s) ...
@ 2015-05-04 19:20:37: Get BAM file(s) ...
@ 2015-05-04 19:20:37: Total 4040 transcripts loaded
@ 2015-05-04 19:20:37: Total 4040 transcripts loaded
@ 2015-05-04 19:20:37: Total 4040 transcripts loaded
@ 2015-05-04 19:20:37: Processing C10.gsnap.sorted.dupmarked.bam ...
@ 2015-05-04 19:20:37: Get BAM file(s) ...
@ 2015-05-04 19:20:37: Total 4040 transcripts loaded
@ 2015-05-04 19:20:37: Total 4040 transcripts loaded
@ 2015-05-04 19:20:37: Total 4040 transcripts loaded
@ 2015-05-04 19:20:37: Total 4040 transcripts loaded
@ 2015-05-04 19:20:37: Get BAM file(s) ...
@ 2015-05-04 19:20:37: Get BAM file(s) ...
@ 2015-05-04 19:20:38: Get BAM file(s) ...
@ 2015-05-04 19:20:37: Processing A1.gsnap.sorted.dupmarked.bam ...
@ 2015-05-04 19:20:38: Get BAM file(s) ...
@ 2015-05-04 19:20:37: Get BAM file(s) ...
@ 2015-05-04 19:20:37: Get BAM file(s) ...
@ 2015-05-04 19:20:37: Processing D7.gsnap.sorted.dupmarked.bam ...
@ 2015-05-04 19:20:37: Get BAM file(s) ...
@ 2015-05-04 19:20:37: Processing C3.gsnap.sorted.dupmarked.bam ...
@ 2015-05-04 19:20:38: Processing A7.gsnap.sorted.dupmarked.bam ...
@ 2015-05-04 19:20:38: Processing S2.gsnap.sorted.dupmarked.bam ...
@ 2015-05-04 19:20:38: Processing C9.gsnap.sorted.dupmarked.bam ...
@ 2015-05-04 19:20:38: Processing A11.gsnap.sorted.dupmarked.bam ...
@ 2015-05-04 19:20:38: Processing C12.gsnap.sorted.dupmarked.bam ...
@ 2015-05-04 19:20:38: Processing A9.gsnap.sorted.dupmarked.bam ...
@ 2015-05-04 19:20:38: Processing S3.gsnap.sorted.dupmarked.bam ...
@ 2015-05-04 19:20:38: Total 4040 transcripts loaded
@ 2015-05-04 19:20:38: Get BAM file(s) ...
@ 2015-05-04 19:20:38: Processing C8.gsnap.sorted.dupmarked.bam ...
@ 2015-05-04 19:20:40: Read BED file (reference gene model) ...
@ 2015-05-04 19:20:40: Read BED file (reference gene model) ...
@ 2015-05-04 19:20:40: Read BED file (reference gene model) ...
@ 2015-05-04 19:20:41: Total 4040 transcripts loaded
@ 2015-05-04 19:20:41: Total 4040 transcripts loaded
@ 2015-05-04 19:20:41: Total 4040 transcripts loaded
@ 2015-05-04 19:20:42: Get BAM file(s) ...
@ 2015-05-04 19:20:42: Get BAM file(s) ...
@ 2015-05-04 19:20:42: Get BAM file(s) ...
@ 2015-05-04 19:20:42: Read BED file (reference gene model) ...
@ 2015-05-04 19:20:42: Read BED file (reference gene model) ...
@ 2015-05-04 19:20:42: Processing C5.gsnap.sorted.dupmarked.bam ...
@ 2015-05-04 19:20:42: Processing D2.gsnap.sorted.dupmarked.bam ...
@ 2015-05-04 19:20:42: Read BED file (reference gene model) ...
@ 2015-05-04 19:20:42: Processing D5.gsnap.sorted.dupmarked.bam ...
@ 2015-05-04 19:20:43: Total 4040 transcripts loaded
@ 2015-05-04 19:20:43: Total 4040 transcripts loaded
@ 2015-05-04 19:20:43: Get BAM file(s) ...
@ 2015-05-04 19:20:43: Get BAM file(s) ...
@ 2015-05-04 19:20:43: Total 4040 transcripts loaded
@ 2015-05-04 19:20:43: Processing D1.gsnap.sorted.dupmarked.bam ...
@ 2015-05-04 19:20:43: Get BAM file(s) ...
@ 2015-05-04 19:20:44: Processing C6.gsnap.sorted.dupmarked.bam ...
@ 2015-05-04 19:20:44: Processing D6.gsnap.sorted.dupmarked.bam ...
@ 2015-05-04 19:20:45: Read BED file (reference gene model) ...
@ 2015-05-04 19:20:45: Read BED file (reference gene model) ...
@ 2015-05-04 19:20:45: Read BED file (reference gene model) ...
@ 2015-05-04 19:20:45: Read BED file (reference gene model) ...
@ 2015-05-04 19:20:45: Read BED file (reference gene model) ...
@ 2015-05-04 19:20:45: Read BED file (reference gene model) ...
@ 2015-05-04 19:20:46: Total 4040 transcripts loaded
@ 2015-05-04 19:20:46: Total 4040 transcripts loaded
@ 2015-05-04 19:20:46: Total 4040 transcripts loaded
@ 2015-05-04 19:20:46: Get BAM file(s) ...
@ 2015-05-04 19:20:46: Total 4040 transcripts loaded
@ 2015-05-04 19:20:46: Total 4040 transcripts loaded
@ 2015-05-04 19:20:46: Total 4040 transcripts loaded
@ 2015-05-04 19:20:46: Get BAM file(s) ...
@ 2015-05-04 19:20:46: Get BAM file(s) ...
@ 2015-05-04 19:20:46: Get BAM file(s) ...
@ 2015-05-04 19:20:46: Get BAM file(s) ...
@ 2015-05-04 19:20:46: Processing C11.gsnap.sorted.dupmarked.bam ...
@ 2015-05-04 19:20:47: Get BAM file(s) ...
@ 2015-05-04 19:20:47: Processing D8.gsnap.sorted.dupmarked.bam ...
@ 2015-05-04 19:20:47: Processing C7.gsnap.sorted.dupmarked.bam ...
@ 2015-05-04 19:20:47: Processing A4.gsnap.sorted.dupmarked.bam ...
@ 2015-05-04 19:20:47: Processing C2.gsnap.sorted.dupmarked.bam ...
@ 2015-05-04 19:20:48: Processing D4.gsnap.sorted.dupmarked.bam ...
@ 2015-05-04 19:40:09: Read BED file (reference gene model) ...
@ 2015-05-04 19:40:10: Total 4040 transcripts loaded
@ 2015-05-04 19:40:10: Get BAM file(s) ...
@ 2015-05-04 19:40:10: Processing A12.gsnap.sorted.dupmarked.bam ...
@ 2015-05-04 19:43:54: Running R script ...
@ 2015-05-04 19:43:56: Read BED file (reference gene model) ...
@ 2015-05-04 19:43:58: Total 4040 transcripts loaded
@ 2015-05-04 19:43:58: Get BAM file(s) ...
@ 2015-05-04 19:43:58: Processing A11.gsnap.sorted.dupmarked.bam ...
@ 2015-05-04 19:48:32: Read BED file (reference gene model) ...
@ 2015-05-04 19:48:33: Read BED file (reference gene model) ...
@ 2015-05-04 19:48:33: Total 4040 transcripts loaded
@ 2015-05-04 19:48:33: Get BAM file(s) ...
@ 2015-05-04 19:48:33: Processing A9.gsnap.sorted.dupmarked.bam ...
@ 2015-05-04 19:48:34: Total 4040 transcripts loaded
@ 2015-05-04 19:48:34: Get BAM file(s) ...
@ 2015-05-04 19:48:34: Processing A13.gsnap.sorted.dupmarked.bam ...
@ 2015-05-04 19:48:34: Read BED file (reference gene model) ...
@ 2015-05-04 19:48:35: Read BED file (reference gene model) ...
@ 2015-05-04 19:48:35: Total 4040 transcripts loaded
@ 2015-05-04 19:48:35: Get BAM file(s) ...
@ 2015-05-04 19:48:35: Processing S3.gsnap.sorted.dupmarked.bam ...
@ 2015-05-04 19:48:36: Total 4040 transcripts loaded
@ 2015-05-04 19:48:36: Get BAM file(s) ...
@ 2015-05-04 19:48:36: Processing A11.gsnap.sorted.dupmarked.bam ...
@ 2015-05-04 19:48:36: Read BED file (reference gene model) ...
@ 2015-05-04 19:48:37: Read BED file (reference gene model) ...
@ 2015-05-04 19:48:37: Read BED file (reference gene model) ...
@ 2015-05-04 19:48:37: Read BED file (reference gene model) ...
@ 2015-05-04 19:48:37: Read BED file (reference gene model) ...
@ 2015-05-04 19:48:37: Read BED file (reference gene model) ...
@ 2015-05-04 19:48:37: Total 4040 transcripts loaded
@ 2015-05-04 19:48:37: Get BAM file(s) ...
@ 2015-05-04 19:48:37: Processing S2.gsnap.sorted.dupmarked.bam ...
@ 2015-05-04 19:48:37: Total 4040 transcripts loaded
@ 2015-05-04 19:48:38: Get BAM file(s) ...
@ 2015-05-04 19:48:38: Processing S1.gsnap.sorted.dupmarked.bam ...
@ 2015-05-04 19:48:38: Total 4040 transcripts loaded
@ 2015-05-04 19:48:38: Total 4040 transcripts loaded
@ 2015-05-04 19:48:38: Get BAM file(s) ...
@ 2015-05-04 19:48:38: Total 4040 transcripts loaded
@ 2015-05-04 19:48:38: Get BAM file(s) ...
@ 2015-05-04 19:48:38: Get BAM file(s) ...
@ 2015-05-04 19:48:38: Processing A8.gsnap.sorted.dupmarked.bam ...
@ 2015-05-04 19:48:38: Total 4040 transcripts loaded
@ 2015-05-04 19:48:38: Processing A10.gsnap.sorted.dupmarked.bam ...
@ 2015-05-04 19:48:38: Processing A2.gsnap.sorted.dupmarked.bam ...
@ 2015-05-04 19:48:38: Get BAM file(s) ...
@ 2015-05-04 19:48:38: Processing A1.gsnap.sorted.dupmarked.bam ...
@ 2015-05-04 19:52:52: Running R script ...
@ 2015-05-04 19:52:55: Read BED file (reference gene model) ...
@ 2015-05-04 19:52:56: Running R script ...
@ 2015-05-04 19:52:56: Total 4040 transcripts loaded
@ 2015-05-04 19:52:56: Get BAM file(s) ...
@ 2015-05-04 19:52:56: Processing A3.gsnap.sorted.dupmarked.bam ...
@ 2015-05-04 19:52:59: Read BED file (reference gene model) ...
@ 2015-05-04 19:53:00: Total 4040 transcripts loaded
@ 2015-05-04 19:53:00: Get BAM file(s) ...
@ 2015-05-04 19:53:00: Processing A4.gsnap.sorted.dupmarked.bam ...
@ 2015-05-04 19:53:19: Running R script ...
@ 2015-05-04 19:53:23: Read BED file (reference gene model) ...
@ 2015-05-04 19:53:24: Total 4040 transcripts loaded
@ 2015-05-04 19:53:24: Get BAM file(s) ...
@ 2015-05-04 19:53:24: Processing A5.gsnap.sorted.dupmarked.bam ...
@ 2015-05-04 19:54:02: Running R script ...
@ 2015-05-04 19:54:03: Running R script ...
@ 2015-05-04 19:54:05: Read BED file (reference gene model) ...
@ 2015-05-04 19:54:06: Total 4040 transcripts loaded
@ 2015-05-04 19:54:06: Get BAM file(s) ...
@ 2015-05-04 19:54:06: Processing A7.gsnap.sorted.dupmarked.bam ...
@ 2015-05-04 19:54:06: Read BED file (reference gene model) ...
@ 2015-05-04 19:54:08: Total 4040 transcripts loaded
@ 2015-05-04 19:54:08: Get BAM file(s) ...
@ 2015-05-04 19:54:08: Processing C6.gsnap.sorted.dupmarked.bam ...
@ 2015-05-04 19:54:12: Running R script ...
@ 2015-05-04 19:54:16: Read BED file (reference gene model) ...
@ 2015-05-04 19:54:17: Total 4040 transcripts loaded
@ 2015-05-04 19:54:17: Get BAM file(s) ...
@ 2015-05-04 19:54:17: Processing C7.gsnap.sorted.dupmarked.bam ...
@ 2015-05-04 19:54:17: Running R script ...
@ 2015-05-04 19:54:21: Read BED file (reference gene model) ...
@ 2015-05-04 19:54:22: Total 4040 transcripts loaded
@ 2015-05-04 19:54:22: Get BAM file(s) ...
@ 2015-05-04 19:54:23: Processing C8.gsnap.sorted.dupmarked.bam ...
@ 2015-05-04 19:54:40: Running R script ...
@ 2015-05-04 19:54:44: Read BED file (reference gene model) ...
@ 2015-05-04 19:54:45: Total 4040 transcripts loaded
@ 2015-05-04 19:54:45: Get BAM file(s) ...
@ 2015-05-04 19:54:45: Processing C9.gsnap.sorted.dupmarked.bam ...
@ 2015-05-04 19:54:46: Running R script ...
@ 2015-05-04 19:54:50: Read BED file (reference gene model) ...
@ 2015-05-04 19:54:51: Total 4040 transcripts loaded
@ 2015-05-04 19:54:51: Get BAM file(s) ...
@ 2015-05-04 19:54:51: Processing C2.gsnap.sorted.dupmarked.bam ...
@ 2015-05-04 19:55:23: Running R script ...
@ 2015-05-04 19:55:27: Read BED file (reference gene model) ...
@ 2015-05-04 19:55:28: Total 4040 transcripts loaded
@ 2015-05-04 19:55:28: Get BAM file(s) ...
@ 2015-05-04 19:55:28: Processing C3.gsnap.sorted.dupmarked.bam ...
@ 2015-05-04 20:00:12: Running R script ...
@ 2015-05-04 20:00:13: Running R script ...
@ 2015-05-04 20:00:15: Read BED file (reference gene model) ...
@ 2015-05-04 20:00:16: Total 4040 transcripts loaded
@ 2015-05-04 20:00:16: Get BAM file(s) ...
@ 2015-05-04 20:00:16: Processing C4.gsnap.sorted.dupmarked.bam ...
@ 2015-05-04 20:00:16: Read BED file (reference gene model) ...
@ 2015-05-04 20:00:17: Total 4040 transcripts loaded
@ 2015-05-04 20:00:17: Get BAM file(s) ...
@ 2015-05-04 20:00:17: Processing C5.gsnap.sorted.dupmarked.bam ...
@ 2015-05-04 20:00:31: Running R script ...
@ 2015-05-04 20:00:34: Read BED file (reference gene model) ...
@ 2015-05-04 20:00:35: Total 4040 transcripts loaded
@ 2015-05-04 20:00:35: Get BAM file(s) ...
@ 2015-05-04 20:00:35: Processing C1.gsnap.sorted.dupmarked.bam ...
@ 2015-05-04 20:00:59: Running R script ...
@ 2015-05-04 20:01:02: Read BED file (reference gene model) ...
@ 2015-05-04 20:01:03: Running R script ...
@ 2015-05-04 20:01:03: Total 4040 transcripts loaded
@ 2015-05-04 20:01:03: Get BAM file(s) ...
@ 2015-05-04 20:01:03: Processing D7.gsnap.sorted.dupmarked.bam ...
@ 2015-05-04 20:01:07: Read BED file (reference gene model) ...
@ 2015-05-04 20:01:08: Total 4040 transcripts loaded
@ 2015-05-04 20:01:08: Get BAM file(s) ...
@ 2015-05-04 20:01:08: Processing D8.gsnap.sorted.dupmarked.bam ...
@ 2015-05-04 20:01:34: Running R script ...
@ 2015-05-04 20:01:38: Read BED file (reference gene model) ...
@ 2015-05-04 20:01:39: Total 4040 transcripts loaded
@ 2015-05-04 20:01:39: Get BAM file(s) ...
@ 2015-05-04 20:01:39: Processing D5.gsnap.sorted.dupmarked.bam ...
@ 2015-05-04 20:01:47: Running R script ...
@ 2015-05-04 20:01:50: Read BED file (reference gene model) ...
@ 2015-05-04 20:01:51: Total 4040 transcripts loaded
@ 2015-05-04 20:01:51: Get BAM file(s) ...
@ 2015-05-04 20:01:51: Processing D6.gsnap.sorted.dupmarked.bam ...
@ 2015-05-04 20:02:05: Running R script ...
@ 2015-05-04 20:02:09: Read BED file (reference gene model) ...
@ 2015-05-04 20:02:10: Total 4040 transcripts loaded
@ 2015-05-04 20:02:10: Get BAM file(s) ...
@ 2015-05-04 20:02:10: Processing D3.gsnap.sorted.dupmarked.bam ...
@ 2015-05-04 20:02:21: Running R script ...
@ 2015-05-04 20:02:24: Read BED file (reference gene model) ...
@ 2015-05-04 20:02:25: Total 4040 transcripts loaded
@ 2015-05-04 20:02:25: Get BAM file(s) ...
@ 2015-05-04 20:02:25: Processing D4.gsnap.sorted.dupmarked.bam ...
@ 2015-05-04 20:02:39: Running R script ...
@ 2015-05-04 20:02:43: Read BED file (reference gene model) ...
@ 2015-05-04 20:02:44: Total 4040 transcripts loaded
@ 2015-05-04 20:02:44: Get BAM file(s) ...
@ 2015-05-04 20:02:44: Processing D1.gsnap.sorted.dupmarked.bam ...
@ 2015-05-04 20:06:47: Running R script ...
@ 2015-05-04 20:06:50: Read BED file (reference gene model) ...
@ 2015-05-04 20:06:51: Total 4040 transcripts loaded
@ 2015-05-04 20:06:51: Get BAM file(s) ...
@ 2015-05-04 20:06:51: Processing D2.gsnap.sorted.dupmarked.bam ...
@ 2015-05-04 20:06:52: Running R script ...
@ 2015-05-04 20:06:55: Read BED file (reference gene model) ...
@ 2015-05-04 20:06:56: Total 4040 transcripts loaded
@ 2015-05-04 20:06:56: Get BAM file(s) ...
@ 2015-05-04 20:06:56: Processing C10.gsnap.sorted.dupmarked.bam ...
@ 2015-05-04 20:07:40: Running R script ...
@ 2015-05-04 20:07:43: Read BED file (reference gene model) ...
@ 2015-05-04 20:07:45: Total 4040 transcripts loaded
@ 2015-05-04 20:07:45: Get BAM file(s) ...
@ 2015-05-04 20:07:45: Processing C11.gsnap.sorted.dupmarked.bam ...
@ 2015-05-04 20:07:48: Running R script ...
@ 2015-05-04 20:07:51: Read BED file (reference gene model) ...
@ 2015-05-04 20:07:53: Total 4040 transcripts loaded
@ 2015-05-04 20:07:53: Get BAM file(s) ...
@ 2015-05-04 20:07:53: Processing C12.gsnap.sorted.dupmarked.bam ...
@ 2015-05-04 20:08:03: Running R script ...
@ 2015-05-04 20:08:12: Running R script ...
@ 2015-05-04 20:08:21: Running R script ...
@ 2015-05-04 20:08:23: Running R script ...
@ 2015-05-04 20:08:25: Running R script ...
@ 2015-05-04 20:08:27: Running R script ...
@ 2015-05-04 20:10:54: Running R script ...
@ 2015-05-04 20:11:06: Running R script ...
@ 2015-05-04 20:11:30: Running R script ...
@ 2015-05-04 20:11:41: Running R script ...
@ 2015-05-05 07:26:05: Read BED file (reference gene model) ...
@ 2015-05-05 07:26:06: Total 4040 transcripts loaded
@ 2015-05-05 07:26:06: Get BAM file(s) ...
@ 2015-05-05 07:26:06: Processing C12.gsnap.sorted.dupmarked.bam ...
@ 2015-05-05 07:30:03: Running R script ...
@ 2015-05-05 07:43:01: Read BED file (reference gene model) ...
@ 2015-05-05 07:43:02: Total 4040 transcripts loaded
@ 2015-05-05 07:43:02: Get BAM file(s) ...
@ 2015-05-05 07:43:02: Processing A7.gsnap.sorted.dupmarked.bam ...
@ 2015-05-05 08:13:10: Read BED file (reference gene model) ...
@ 2015-05-05 08:13:11: Total 4040 transcripts loaded
@ 2015-05-05 08:13:11: Get BAM file(s) ...
@ 2015-05-05 08:13:11: Processing A7.gsnap.sorted.dupmarked.bam ...
@ 2015-05-05 08:13:12: Read BED file (reference gene model) ...
@ 2015-05-05 08:13:13: Total 4040 transcripts loaded
@ 2015-05-05 08:13:13: Get BAM file(s) ...
@ 2015-05-05 08:13:13: Processing C10.gsnap.sorted.dupmarked.bam ...
@ 2015-05-05 08:17:00: Running R script ...
@ 2015-05-05 08:17:06: Running R script ...
@ 2015-05-05 08:20:55: Read BED file (reference gene model) ...
@ 2015-05-05 08:20:56: Total 4040 transcripts loaded
@ 2015-05-05 08:20:56: Get BAM file(s) ...
@ 2015-05-05 08:20:56: Processing C11.gsnap.sorted.dupmarked.bam ...
@ 2015-05-05 08:23:33: Running R script ...
@ 2015-05-05 08:24:03: Read BED file (reference gene model) ...
@ 2015-05-05 08:24:04: Total 4040 transcripts loaded
@ 2015-05-05 08:24:04: Get BAM file(s) ...
@ 2015-05-05 08:24:04: Processing S2.gsnap.sorted.dupmarked.bam ...
@ 2015-05-05 08:26:38: Running R script ...
@ 2015-05-05 08:28:33: Read BED file (reference gene model) ...
@ 2015-05-05 08:28:34: Total 4040 transcripts loaded
@ 2015-05-05 08:28:34: Get BAM file(s) ...
@ 2015-05-05 08:28:34: Processing S1.gsnap.sorted.dupmarked.bam ...
@ 2015-05-05 08:31:11: Running R script ...
@ 2015-05-05 08:36:16: Read BED file (reference gene model) ...
@ 2015-05-05 08:36:17: Total 4040 transcripts loaded
@ 2015-05-05 08:36:17: Get BAM file(s) ...
@ 2015-05-05 08:36:17: Processing S3.gsnap.sorted.dupmarked.bam ...
@ 2015-05-05 08:39:30: Running R script ...
@ 2015-05-05 08:42:08: Read BED file (reference gene model) ...
@ 2015-05-05 08:42:09: Total 4040 transcripts loaded
@ 2015-05-05 08:42:09: Get BAM file(s) ...
@ 2015-05-05 08:42:09: Processing C9.gsnap.sorted.dupmarked.bam ...
@ 2015-05-05 08:45:04: Running R script ...
@ 2015-05-05 08:45:59: Read BED file (reference gene model) ...
@ 2015-05-05 08:46:00: Total 4040 transcripts loaded
@ 2015-05-05 08:46:00: Get BAM file(s) ...
@ 2015-05-05 08:46:00: Processing C7.gsnap.sorted.dupmarked.bam ...
@ 2015-05-05 08:48:36: Running R script ...
@ 2015-05-05 08:56:37: Read BED file (reference gene model) ...
@ 2015-05-05 08:56:38: Total 4040 transcripts loaded
@ 2015-05-05 08:56:38: Get BAM file(s) ...
@ 2015-05-05 08:56:38: Processing C5.gsnap.sorted.dupmarked.bam ...
@ 2015-05-05 08:59:34: Read BED file (reference gene model) ...
@ 2015-05-05 08:59:35: Total 4040 transcripts loaded
@ 2015-05-05 08:59:35: Get BAM file(s) ...
@ 2015-05-05 08:59:35: Processing C6.gsnap.sorted.dupmarked.bam ...
@ 2015-05-05 08:59:58: Running R script ...
@ 2015-05-05 09:03:10: Running R script ...
@ 2015-05-05 09:08:15: Read BED file (reference gene model) ...
@ 2015-05-05 09:08:16: Total 4040 transcripts loaded
@ 2015-05-05 09:08:16: Get BAM file(s) ...
@ 2015-05-05 09:08:16: Processing C8.gsnap.sorted.dupmarked.bam ...
@ 2015-05-05 09:11:54: Running R script ...
@ 2015-05-05 12:14:48: Read BED file (reference gene model) ...
@ 2015-05-05 12:14:49: Total 4040 transcripts loaded
@ 2015-05-05 12:14:49: Get BAM file(s) ...
@ 2015-05-05 12:14:49: Processing C11.gsnap.sorted.dupmarked.bam ...
@ 2015-05-05 12:17:39: Running R script ...
@ 2015-05-05 12:19:40: Read BED file (reference gene model) ...
@ 2015-05-05 12:19:41: Total 4040 transcripts loaded
@ 2015-05-05 12:19:41: Get BAM file(s) ...
@ 2015-05-05 12:19:41: Processing C12.gsnap.sorted.dupmarked.bam ...
@ 2015-05-05 12:22:35: Read BED file (reference gene model) ...
@ 2015-05-05 12:22:36: Total 4040 transcripts loaded
@ 2015-05-05 12:22:36: Get BAM file(s) ...
@ 2015-05-05 12:22:36: Processing S1.gsnap.sorted.dupmarked.bam ...
@ 2015-05-05 12:22:55: Running R script ...
@ 2015-05-05 12:25:25: Running R script ...
@ 2015-05-05 12:28:24: Read BED file (reference gene model) ...
@ 2015-05-05 12:28:25: Total 4040 transcripts loaded
@ 2015-05-05 12:28:25: Get BAM file(s) ...
@ 2015-05-05 12:28:25: Processing S2.gsnap.sorted.dupmarked.bam ...
@ 2015-05-05 12:30:21: Read BED file (reference gene model) ...
@ 2015-05-05 12:30:22: Total 4040 transcripts loaded
@ 2015-05-05 12:30:22: Get BAM file(s) ...
@ 2015-05-05 12:30:22: Processing S3.gsnap.sorted.dupmarked.bam ...
@ 2015-05-05 12:31:18: Running R script ...
@ 2015-05-05 12:33:17: Read BED file (reference gene model) ...
@ 2015-05-05 12:33:18: Total 4040 transcripts loaded
@ 2015-05-05 12:33:18: Get BAM file(s) ...
@ 2015-05-05 12:33:18: Processing A2.gsnap.sorted.dupmarked.bam ...
@ 2015-05-05 12:33:28: Running R script ...
@ 2015-05-05 12:36:56: Running R script ...
@ 2015-05-05 12:42:59: Read BED file (reference gene model) ...
@ 2015-05-05 12:42:59: Read BED file (reference gene model) ...
@ 2015-05-05 12:42:59: Total 4040 transcripts loaded
@ 2015-05-05 12:42:59: Get BAM file(s) ...
@ 2015-05-05 12:42:59: Processing C5.gsnap.sorted.dupmarked.bam ...
@ 2015-05-05 12:43:00: Total 4040 transcripts loaded
@ 2015-05-05 12:43:00: Get BAM file(s) ...
@ 2015-05-05 12:43:00: Processing C10.gsnap.sorted.dupmarked.bam ...
@ 2015-05-05 12:44:55: Read BED file (reference gene model) ...
@ 2015-05-05 12:44:56: Total 4040 transcripts loaded
@ 2015-05-05 12:44:56: Get BAM file(s) ...
@ 2015-05-05 12:44:56: Processing C7.gsnap.sorted.dupmarked.bam ...
@ 2015-05-05 12:44:57: Read BED file (reference gene model) ...
@ 2015-05-05 12:44:58: Total 4040 transcripts loaded
@ 2015-05-05 12:44:58: Get BAM file(s) ...
@ 2015-05-05 12:44:58: Processing C9.gsnap.sorted.dupmarked.bam ...
@ 2015-05-05 12:46:21: Running R script ...
@ 2015-05-05 12:46:55: Running R script ...
@ 2015-05-05 12:48:04: Running R script ...
@ 2015-05-05 12:49:22: Running R script ...
@ 2015-05-05 15:50:22: Read BED file (reference gene model) ...
@ 2015-05-05 15:50:23: Total 4040 transcripts loaded
@ 2015-05-05 15:50:23: Get BAM file(s) ...
@ 2015-05-05 15:50:23: Processing D2.gsnap.sorted.dupmarked.bam ...
@ 2015-05-05 15:53:29: Running R script ...
@ 2015-05-05 16:05:22: Read BED file (reference gene model) ...
@ 2015-05-05 16:05:23: Total 4040 transcripts loaded
@ 2015-05-05 16:05:23: Get BAM file(s) ...
@ 2015-05-05 16:05:23: Processing A1.gsnap.sorted.dupmarked.bam ...
@ 2015-05-05 16:09:08: Running R script ...
@ 2015-05-05 16:16:30: Read BED file (reference gene model) ...
@ 2015-05-05 16:16:31: Total 4040 transcripts loaded
@ 2015-05-05 16:16:31: Get BAM file(s) ...
@ 2015-05-05 16:16:31: Processing D5.gsnap.sorted.dupmarked.bam ...
@ 2015-05-05 16:19:25: Read BED file (reference gene model) ...
@ 2015-05-05 16:19:26: Total 4040 transcripts loaded
@ 2015-05-05 16:19:26: Get BAM file(s) ...
@ 2015-05-05 16:19:26: Processing D1.gsnap.sorted.dupmarked.bam ...
@ 2015-05-05 16:20:08: Running R script ...
@ 2015-05-05 16:22:20: Read BED file (reference gene model) ...
@ 2015-05-05 16:22:21: Total 4040 transcripts loaded
@ 2015-05-05 16:22:21: Get BAM file(s) ...
@ 2015-05-05 16:22:21: Processing D4.gsnap.sorted.dupmarked.bam ...
@ 2015-05-05 16:22:24: Running R script ...
@ 2015-05-05 16:23:19: Read BED file (reference gene model) ...
@ 2015-05-05 16:23:20: Total 4040 transcripts loaded
@ 2015-05-05 16:23:20: Get BAM file(s) ...
@ 2015-05-05 16:23:20: Processing C4.gsnap.sorted.dupmarked.bam ...
@ 2015-05-05 16:25:57: Running R script ...
@ 2015-05-05 16:27:08: Running R script ...
@ 2015-05-05 16:47:30: Read BED file (reference gene model) ...
@ 2015-05-05 16:47:31: Total 4040 transcripts loaded
@ 2015-05-05 16:47:31: Get BAM file(s) ...
@ 2015-05-05 16:47:31: Processing D6.gsnap.sorted.dupmarked.bam ...
@ 2015-05-05 16:48:29: Read BED file (reference gene model) ...
@ 2015-05-05 16:48:30: Total 4040 transcripts loaded
@ 2015-05-05 16:48:30: Get BAM file(s) ...
@ 2015-05-05 16:48:30: Processing D8.gsnap.sorted.dupmarked.bam ...
@ 2015-05-05 16:50:54: Running R script ...
@ 2015-05-05 16:51:52: Running R script ...
@ 2015-05-05 16:52:51: Read BED file (reference gene model) ...
@ 2015-05-05 16:52:52: Total 4040 transcripts loaded
@ 2015-05-05 16:52:52: Get BAM file(s) ...
@ 2015-05-05 16:52:52: Processing C2.gsnap.sorted.dupmarked.bam ...
@ 2015-05-05 16:53:50: Read BED file (reference gene model) ...
@ 2015-05-05 16:53:51: Total 4040 transcripts loaded
@ 2015-05-05 16:53:51: Get BAM file(s) ...
@ 2015-05-05 16:53:51: Processing C3.gsnap.sorted.dupmarked.bam ...
@ 2015-05-05 16:56:50: Running R script ...
@ 2015-05-05 16:57:52: Running R script ...
@ 2015-05-05 17:03:31: Read BED file (reference gene model) ...
@ 2015-05-05 17:03:32: Total 4040 transcripts loaded
@ 2015-05-05 17:03:32: Get BAM file(s) ...
@ 2015-05-05 17:03:32: Processing C1.gsnap.sorted.dupmarked.bam ...
@ 2015-05-05 17:07:29: Running R script ...
@ 2015-05-05 17:12:14: Read BED file (reference gene model) ...
@ 2015-05-05 17:12:15: Total 4040 transcripts loaded
@ 2015-05-05 17:12:15: Get BAM file(s) ...
@ 2015-05-05 17:12:15: Processing A4.gsnap.sorted.dupmarked.bam ...
@ 2015-05-05 17:15:52: Running R script ...
@ 2015-05-05 17:22:53: Read BED file (reference gene model) ...
@ 2015-05-05 17:22:54: Total 4040 transcripts loaded
@ 2015-05-05 17:22:54: Get BAM file(s) ...
@ 2015-05-05 17:22:54: Processing A3.gsnap.sorted.dupmarked.bam ...
@ 2015-05-05 17:24:50: Read BED file (reference gene model) ...
@ 2015-05-05 17:24:51: Total 4040 transcripts loaded
@ 2015-05-05 17:24:51: Get BAM file(s) ...
@ 2015-05-05 17:24:51: Processing D7.gsnap.sorted.dupmarked.bam ...
@ 2015-05-05 17:26:33: Running R script ...
@ 2015-05-05 17:28:36: Running R script ...
@ 2015-05-05 17:35:00: Read BED file (reference gene model) ...
@ 2015-05-05 17:35:01: Total 4040 transcripts loaded
@ 2015-05-05 17:35:01: Get BAM file(s) ...
@ 2015-05-05 17:35:01: Processing A5.gsnap.sorted.dupmarked.bam ...
@ 2015-05-05 17:38:50: Running R script ...
@ 2015-05-05 17:45:10: Read BED file (reference gene model) ...
@ 2015-05-05 17:45:11: Total 4040 transcripts loaded
@ 2015-05-05 17:45:11: Get BAM file(s) ...
@ 2015-05-05 17:45:11: Processing A8.gsnap.sorted.dupmarked.bam ...
@ 2015-05-05 17:45:21: Read BED file (reference gene model) ...
@ 2015-05-05 17:45:22: Total 4040 transcripts loaded
@ 2015-05-05 17:45:22: Get BAM file(s) ...
@ 2015-05-05 17:45:22: Processing A7.gsnap.sorted.dupmarked.bam ...
@ 2015-05-05 17:49:22: Running R script ...
@ 2015-05-05 17:49:28: Running R script ...
@ 2015-05-05 17:53:31: Read BED file (reference gene model) ...
@ 2015-05-05 17:53:32: Total 4040 transcripts loaded
@ 2015-05-05 17:53:32: Get BAM file(s) ...
@ 2015-05-05 17:53:32: Processing A9.gsnap.sorted.dupmarked.bam ...
@ 2015-05-05 17:57:15: Running R script ...
@ 2015-05-05 17:58:58: Read BED file (reference gene model) ...
@ 2015-05-05 17:58:59: Total 4040 transcripts loaded
@ 2015-05-05 17:58:59: Get BAM file(s) ...
@ 2015-05-05 17:58:59: Processing A13.gsnap.sorted.dupmarked.bam ...
@ 2015-05-05 18:02:26: Running R script ...
@ 2015-05-05 18:06:03: Read BED file (reference gene model) ...
@ 2015-05-05 18:06:04: Total 4040 transcripts loaded
@ 2015-05-05 18:06:04: Get BAM file(s) ...
@ 2015-05-05 18:06:04: Processing A12.gsnap.sorted.dupmarked.bam ...
@ 2015-05-05 18:09:32: Running R script ...
@ 2015-05-05 18:15:37: Read BED file (reference gene model) ...
@ 2015-05-05 18:15:38: Total 4040 transcripts loaded
@ 2015-05-05 18:15:38: Get BAM file(s) ...
@ 2015-05-05 18:15:38: Processing A10.gsnap.sorted.dupmarked.bam ...
@ 2015-05-05 18:18:44: Running R script ...
@ 2015-05-05 18:20:25: Read BED file (reference gene model) ...
@ 2015-05-05 18:20:27: Total 4040 transcripts loaded
@ 2015-05-05 18:20:27: Get BAM file(s) ...
@ 2015-05-05 18:20:27: Processing A11.gsnap.sorted.dupmarked.bam ...
@ 2015-05-05 18:23:58: Running R script ...
@ 2015-05-05 19:15:58: Read BED file (reference gene model) ...
@ 2015-05-05 19:15:59: Total 4040 transcripts loaded
@ 2015-05-05 19:15:59: Get BAM file(s) ...
@ 2015-05-05 19:15:59: Processing D3.gsnap.sorted.dupmarked.bam ...
@ 2015-05-05 19:19:07: Running R script ...
@ 2015-05-05 19:20:35: Read BED file (reference gene model) ...
@ 2015-05-05 19:20:36: Total 4040 transcripts loaded
@ 2015-05-05 19:20:36: Get BAM file(s) ...
@ 2015-05-05 19:20:36: Processing C8.gsnap.sorted.dupmarked.bam ...
@ 2015-05-05 19:24:00: Running R script ...
@ 2015-05-05 19:29:41: Read BED file (reference gene model) ...
@ 2015-05-05 19:29:43: Total 4040 transcripts loaded
@ 2015-05-05 19:29:43: Get BAM file(s) ...
@ 2015-05-05 19:29:43: Processing C6.gsnap.sorted.dupmarked.bam ...
@ 2015-05-05 19:32:27: Running R script ...
@ 2015-05-13 12:21:49: Read BED file (reference gene model) ...
@ 2015-05-13 12:21:50: Total 4040 transcripts loaded
@ 2015-05-13 12:21:50: Get BAM file(s) ...
@ 2015-05-13 12:21:50: Processing C11.gsnap.sorted.dupmarked.bam ...
@ 2015-05-13 12:24:43: Running R script ...
@ 2015-05-13 12:26:11: Read BED file (reference gene model) ...
@ 2015-05-13 12:26:12: Total 4040 transcripts loaded
@ 2015-05-13 12:26:12: Get BAM file(s) ...
@ 2015-05-13 12:26:12: Processing C12.gsnap.sorted.dupmarked.bam ...
@ 2015-05-13 12:29:24: Running R script ...
@ 2015-05-13 12:50:51: Read BED file (reference gene model) ...
@ 2015-05-13 12:50:52: Total 4040 transcripts loaded
@ 2015-05-13 12:50:52: Get BAM file(s) ...
@ 2015-05-13 12:50:52: Processing C10.gsnap.sorted.dupmarked.bam ...
@ 2015-05-13 12:54:29: Running R script ...
@ 2015-05-13 12:55:13: Read BED file (reference gene model) ...
@ 2015-05-13 12:55:14: Total 4040 transcripts loaded
@ 2015-05-13 12:55:14: Get BAM file(s) ...
@ 2015-05-13 12:55:14: Processing A7.gsnap.sorted.dupmarked.bam ...
@ 2015-05-13 12:57:10: Read BED file (reference gene model) ...
@ 2015-05-13 12:57:11: Total 4040 transcripts loaded
@ 2015-05-13 12:57:11: Get BAM file(s) ...
@ 2015-05-13 12:57:11: Processing C1.gsnap.sorted.dupmarked.bam ...
@ 2015-05-13 12:59:05: Running R script ...
@ 2015-05-13 13:01:09: Running R script ...
@ 2015-05-13 13:06:54: Read BED file (reference gene model) ...
@ 2015-05-13 13:06:55: Total 4040 transcripts loaded
@ 2015-05-13 13:06:55: Get BAM file(s) ...
@ 2015-05-13 13:06:55: Processing A8.gsnap.sorted.dupmarked.bam ...
@ 2015-05-13 13:10:56: Running R script ...
@ 2015-05-13 13:25:17: Read BED file (reference gene model) ...
@ 2015-05-13 13:25:18: Total 4040 transcripts loaded
@ 2015-05-13 13:25:18: Get BAM file(s) ...
@ 2015-05-13 13:25:18: Processing C4.gsnap.sorted.dupmarked.bam ...
@ 2015-05-13 13:26:16: Read BED file (reference gene model) ...
@ 2015-05-13 13:26:17: Total 4040 transcripts loaded
@ 2015-05-13 13:26:17: Get BAM file(s) ...
@ 2015-05-13 13:26:17: Processing A9.gsnap.sorted.dupmarked.bam ...
@ 2015-05-13 13:28:37: Running R script ...
@ 2015-05-13 13:30:12: Running R script ...
@ 2015-05-13 13:34:01: Read BED file (reference gene model) ...
@ 2015-05-13 13:34:02: Total 4040 transcripts loaded
@ 2015-05-13 13:34:02: Get BAM file(s) ...
@ 2015-05-13 13:34:02: Processing C3.gsnap.sorted.dupmarked.bam ...
@ 2015-05-13 13:37:39: Running R script ...
@ 2015-05-13 13:37:54: Read BED file (reference gene model) ...
@ 2015-05-13 13:37:55: Total 4040 transcripts loaded
@ 2015-05-13 13:37:55: Get BAM file(s) ...
@ 2015-05-13 13:37:55: Processing C2.gsnap.sorted.dupmarked.bam ...
@ 2015-05-13 13:41:40: Running R script ...
@ 2015-05-13 13:47:37: Read BED file (reference gene model) ...
@ 2015-05-13 13:47:38: Total 4040 transcripts loaded
@ 2015-05-13 13:47:38: Get BAM file(s) ...
@ 2015-05-13 13:47:38: Processing D2.gsnap.sorted.dupmarked.bam ...
@ 2015-05-13 13:50:41: Running R script ...
@ 2015-05-13 13:52:02: Read BED file (reference gene model) ...
@ 2015-05-13 13:52:03: Total 4040 transcripts loaded
@ 2015-05-13 13:52:03: Get BAM file(s) ...
@ 2015-05-13 13:52:03: Processing D3.gsnap.sorted.dupmarked.bam ...
@ 2015-05-13 13:53:00: Read BED file (reference gene model) ...
@ 2015-05-13 13:53:01: Total 4040 transcripts loaded
@ 2015-05-13 13:53:01: Get BAM file(s) ...
@ 2015-05-13 13:53:01: Processing D1.gsnap.sorted.dupmarked.bam ...
@ 2015-05-13 13:55:30: Running R script ...
@ 2015-05-13 13:56:13: Running R script ...
@ 2015-05-13 13:58:52: Read BED file (reference gene model) ...
@ 2015-05-13 13:58:53: Total 4040 transcripts loaded
@ 2015-05-13 13:58:53: Get BAM file(s) ...
@ 2015-05-13 13:58:53: Processing C9.gsnap.sorted.dupmarked.bam ...
@ 2015-05-13 14:00:50: Read BED file (reference gene model) ...
@ 2015-05-13 14:00:50: Total 4040 transcripts loaded
@ 2015-05-13 14:00:50: Get BAM file(s) ...
@ 2015-05-13 14:00:50: Processing C7.gsnap.sorted.dupmarked.bam ...
@ 2015-05-13 14:02:18: Running R script ...
@ 2015-05-13 14:03:51: Running R script ...
@ 2015-05-13 14:11:28: Read BED file (reference gene model) ...
@ 2015-05-13 14:11:29: Total 4040 transcripts loaded
@ 2015-05-13 14:11:29: Get BAM file(s) ...
@ 2015-05-13 14:11:29: Processing C5.gsnap.sorted.dupmarked.bam ...
@ 2015-05-13 14:14:45: Running R script ...
@ 2015-05-13 14:24:03: Read BED file (reference gene model) ...
@ 2015-05-13 14:24:04: Total 4040 transcripts loaded
@ 2015-05-13 14:24:04: Get BAM file(s) ...
@ 2015-05-13 14:24:04: Processing C8.gsnap.sorted.dupmarked.bam ...
@ 2015-05-13 14:27:44: Running R script ...
@ 2015-05-13 14:30:22: Read BED file (reference gene model) ...
@ 2015-05-13 14:30:23: Total 4040 transcripts loaded
@ 2015-05-13 14:30:23: Get BAM file(s) ...
@ 2015-05-13 14:30:23: Processing D5.gsnap.sorted.dupmarked.bam ...
@ 2015-05-13 14:33:54: Running R script ...
@ 2015-05-13 14:34:15: Read BED file (reference gene model) ...
@ 2015-05-13 14:34:16: Total 4040 transcripts loaded
@ 2015-05-13 14:34:16: Get BAM file(s) ...
@ 2015-05-13 14:34:16: Processing D4.gsnap.sorted.dupmarked.bam ...
@ 2015-05-13 14:37:23: Running R script ...
@ 2015-05-13 14:41:03: Read BED file (reference gene model) ...
@ 2015-05-13 14:41:04: Total 4040 transcripts loaded
@ 2015-05-13 14:41:04: Get BAM file(s) ...
@ 2015-05-13 14:41:04: Processing C6.gsnap.sorted.dupmarked.bam ...
@ 2015-05-13 14:45:02: Running R script ...
@ 2015-05-13 14:50:44: Read BED file (reference gene model) ...
@ 2015-05-13 14:50:45: Total 4040 transcripts loaded
@ 2015-05-13 14:50:45: Get BAM file(s) ...
@ 2015-05-13 14:50:45: Processing D8.gsnap.sorted.dupmarked.bam ...
@ 2015-05-13 14:53:39: Read BED file (reference gene model) ...
@ 2015-05-13 14:53:40: Total 4040 transcripts loaded
@ 2015-05-13 14:53:40: Get BAM file(s) ...
@ 2015-05-13 14:53:40: Processing S1.gsnap.sorted.dupmarked.bam ...
@ 2015-05-13 14:53:47: Running R script ...
@ 2015-05-13 14:54:38: Read BED file (reference gene model) ...
@ 2015-05-13 14:54:39: Total 4040 transcripts loaded
@ 2015-05-13 14:54:39: Get BAM file(s) ...
@ 2015-05-13 14:54:39: Processing D6.gsnap.sorted.dupmarked.bam ...
@ 2015-05-13 14:56:38: Running R script ...
@ 2015-05-13 14:58:12: Running R script ...
@ 2015-05-13 15:04:50: Read BED file (reference gene model) ...
@ 2015-05-13 15:04:51: Total 4040 transcripts loaded
@ 2015-05-13 15:04:51: Get BAM file(s) ...
@ 2015-05-13 15:04:51: Processing S2.gsnap.sorted.dupmarked.bam ...
@ 2015-05-13 15:07:37: Running R script ...
@ 2015-05-13 15:12:06: Read BED file (reference gene model) ...
@ 2015-05-13 15:12:08: Total 4040 transcripts loaded
@ 2015-05-13 15:12:08: Get BAM file(s) ...
@ 2015-05-13 15:12:08: Processing D7.gsnap.sorted.dupmarked.bam ...
@ 2015-05-13 15:15:01: Read BED file (reference gene model) ...
@ 2015-05-13 15:15:02: Total 4040 transcripts loaded
@ 2015-05-13 15:15:02: Get BAM file(s) ...
@ 2015-05-13 15:15:02: Processing S3.gsnap.sorted.dupmarked.bam ...
@ 2015-05-13 15:15:40: Running R script ...
@ 2015-05-13 15:18:18: Running R script ...
@ 2015-05-13 15:29:32: Read BED file (reference gene model) ...
@ 2015-05-13 15:29:33: Total 4040 transcripts loaded
@ 2015-05-13 15:29:33: Get BAM file(s) ...
@ 2015-05-13 15:29:33: Processing A13.gsnap.sorted.dupmarked.bam ...
@ 2015-05-13 15:33:16: Running R script ...
@ 2015-05-13 15:36:20: Read BED file (reference gene model) ...
@ 2015-05-13 15:36:21: Total 4040 transcripts loaded
@ 2015-05-13 15:36:21: Get BAM file(s) ...
@ 2015-05-13 15:36:21: Processing A10.gsnap.sorted.dupmarked.bam ...
@ 2015-05-13 15:40:02: Running R script ...
@ 2015-05-13 15:43:37: Read BED file (reference gene model) ...
@ 2015-05-13 15:43:38: Total 4040 transcripts loaded
@ 2015-05-13 15:43:38: Get BAM file(s) ...
@ 2015-05-13 15:43:38: Processing A1.gsnap.sorted.dupmarked.bam ...
@ 2015-05-13 15:45:34: Read BED file (reference gene model) ...
@ 2015-05-13 15:45:35: Total 4040 transcripts loaded
@ 2015-05-13 15:45:35: Get BAM file(s) ...
@ 2015-05-13 15:45:35: Processing A12.gsnap.sorted.dupmarked.bam ...
@ 2015-05-13 15:47:19: Running R script ...
@ 2015-05-13 15:49:36: Running R script ...
@ 2015-05-13 16:00:24: Read BED file (reference gene model) ...
@ 2015-05-13 16:00:25: Total 4040 transcripts loaded
@ 2015-05-13 16:00:25: Get BAM file(s) ...
@ 2015-05-13 16:00:25: Processing A4.gsnap.sorted.dupmarked.bam ...
@ 2015-05-13 16:03:43: Running R script ...
@ 2015-05-13 16:07:39: Read BED file (reference gene model) ...
@ 2015-05-13 16:07:40: Total 4040 transcripts loaded
@ 2015-05-13 16:07:40: Get BAM file(s) ...
@ 2015-05-13 16:07:40: Processing A11.gsnap.sorted.dupmarked.bam ...
@ 2015-05-13 16:10:44: Read BED file (reference gene model) ...
@ 2015-05-13 16:10:45: Total 4040 transcripts loaded
@ 2015-05-13 16:10:45: Get BAM file(s) ...
@ 2015-05-13 16:10:45: Processing A2.gsnap.sorted.dupmarked.bam ...
@ 2015-05-13 16:10:57: Running R script ...
@ 2015-05-13 16:13:45: Running R script ...
@ 2015-05-13 16:25:03: Read BED file (reference gene model) ...
@ 2015-05-13 16:25:05: Total 4040 transcripts loaded
@ 2015-05-13 16:25:05: Get BAM file(s) ...
@ 2015-05-13 16:25:05: Processing A5.gsnap.sorted.dupmarked.bam ...
@ 2015-05-13 16:27:49: Running R script ...
@ 2015-05-13 16:31:16: Read BED file (reference gene model) ...
@ 2015-05-13 16:31:17: Total 4040 transcripts loaded
@ 2015-05-13 16:31:17: Get BAM file(s) ...
@ 2015-05-13 16:31:17: Processing A3.gsnap.sorted.dupmarked.bam ...
@ 2015-05-13 16:34:08: Running R script ...
